0 info it worked if it ends with ok
1 verbose cli [ 'C:\\Program Files\\nodejs\\node.exe',
1 verbose cli   'C:\\Program Files\\nodejs\\node_modules\\npm\\bin\\npm-cli.js',
1 verbose cli   'start' ]
2 info using npm@3.10.3
3 info using node@v6.7.0
4 verbose run-script [ 'prestart', 'start', 'poststart' ]
5 info lifecycle 1-webpack-vue.js-router-store-firebase@1.0.0~prestart: 1-webpack-vue.js-router-store-firebase@1.0.0
6 silly lifecycle 1-webpack-vue.js-router-store-firebase@1.0.0~prestart: no script for prestart, continuing
7 info lifecycle 1-webpack-vue.js-router-store-firebase@1.0.0~start: 1-webpack-vue.js-router-store-firebase@1.0.0
8 verbose lifecycle 1-webpack-vue.js-router-store-firebase@1.0.0~start: unsafe-perm in lifecycle true
9 verbose lifecycle 1-webpack-vue.js-router-store-firebase@1.0.0~start: PATH: C:\Program Files\nodejs\node_modules\npm\bin\node-gyp-bin;E:\JavaScript\Build-vue-hackernews-2.0-from-scratch\tutorials\1-webpack-vue.js-router-store-firebase\node_modules\.bin;C:\Program Files\nodejs;C:\Ruby22\bin;C:\Python27\;C:\Python27\Scripts;C:\Program Files\SepanderSoft;C:\Program Files\Common Files\NetSarang;C:\Windows\system32;C:\Windows;C:\Windows\System32\Wbem;C:\Windows\System32\WindowsPowerShell\v1.0\;E:\Win7系统封装资料\[3]优化及设置\Windows7优化大师 V1.66 绿色版;C:\Program Files\;ommon Files\Thunder Network\KanKan\Codecs;C:\Program Files\Common Files\Autodesk Shared\;C:\Program Files\WIDCOMM\Bluetooth Software\;C:\Program Files\AutoLyric;H:\Marc\marc2010\bin;H:\Marc\marc2010\tools;H:\Marc\mentat2010\bin;C:\MSC.Software\Marc\2010\marc2010\bin;C:\MSC.Software\Marc\2010\marc2010\tools;C:\MSC.Software\Marc\2010\mentat2010\bin;C:\Program Files\Git\cmd;C:\Users\Administrator\AppData\Roaming\npm\node_modules;C:\Program Files\nodejs;C:\Users\Administrator\AppData\Roaming\npm\node_modules;C:\Program Files\nodejs;;C:\Program Files\nodejs\;C:\Users\Administrator\AppData\Roaming\npm\node_modules;C:\Program Files\nodejs;C:\Users\Administrator\AppData\Roaming\npm
10 verbose lifecycle 1-webpack-vue.js-router-store-firebase@1.0.0~start: CWD: E:\JavaScript\Build-vue-hackernews-2.0-from-scratch\tutorials\1-webpack-vue.js-router-store-firebase
11 silly lifecycle 1-webpack-vue.js-router-store-firebase@1.0.0~start: Args: [ '/d /s /c', 'webpack --config webpack.config.js' ]
12 silly lifecycle 1-webpack-vue.js-router-store-firebase@1.0.0~start: Returned: code: 2  signal: null
13 info lifecycle 1-webpack-vue.js-router-store-firebase@1.0.0~start: Failed to exec start script
14 verbose stack Error: 1-webpack-vue.js-router-store-firebase@1.0.0 start: `webpack --config webpack.config.js`
14 verbose stack Exit status 2
14 verbose stack     at EventEmitter.<anonymous> (C:\Program Files\nodejs\node_modules\npm\lib\utils\lifecycle.js:242:16)
14 verbose stack     at emitTwo (events.js:106:13)
14 verbose stack     at EventEmitter.emit (events.js:191:7)
14 verbose stack     at ChildProcess.<anonymous> (C:\Program Files\nodejs\node_modules\npm\lib\utils\spawn.js:40:14)
14 verbose stack     at emitTwo (events.js:106:13)
14 verbose stack     at ChildProcess.emit (events.js:191:7)
14 verbose stack     at maybeClose (internal/child_process.js:877:16)
14 verbose stack     at Process.ChildProcess._handle.onexit (internal/child_process.js:226:5)
15 verbose pkgid 1-webpack-vue.js-router-store-firebase@1.0.0
16 verbose cwd E:\JavaScript\Build-vue-hackernews-2.0-from-scratch\tutorials\1-webpack-vue.js-router-store-firebase
17 error Windows_NT 6.1.7600
18 error argv "C:\\Program Files\\nodejs\\node.exe" "C:\\Program Files\\nodejs\\node_modules\\npm\\bin\\npm-cli.js" "start"
19 error node v6.7.0
20 error npm  v3.10.3
21 error code ELIFECYCLE
22 error 1-webpack-vue.js-router-store-firebase@1.0.0 start: `webpack --config webpack.config.js`
22 error Exit status 2
23 error Failed at the 1-webpack-vue.js-router-store-firebase@1.0.0 start script 'webpack --config webpack.config.js'.
23 error Make sure you have the latest version of node.js and npm installed.
23 error If you do, this is most likely a problem with the 1-webpack-vue.js-router-store-firebase package,
23 error not with npm itself.
23 error Tell the author that this fails on your system:
23 error     webpack --config webpack.config.js
23 error You can get information on how to open an issue for this project with:
23 error     npm bugs 1-webpack-vue.js-router-store-firebase
23 error Or if that isn't available, you can get their info via:
23 error     npm owner ls 1-webpack-vue.js-router-store-firebase
23 error There is likely additional logging output above.
24 verbose exit [ 1, true ]
